[debug] [2023-04-20T06:45:42.857Z] ----------------------------------------------------------------------
[debug] [2023-04-20T06:45:42.859Z] Command:       C:\Program Files\nodejs\node.exe C:\Users\admin\AppData\Roaming\npm\node_modules\firebase-tools\lib\bin\firebase.js deploy
[debug] [2023-04-20T06:45:42.860Z] CLI Version:   11.25.3
[debug] [2023-04-20T06:45:42.860Z] Platform:      win32
[debug] [2023-04-20T06:45:42.860Z] Node Version:  v18.14.1
[debug] [2023-04-20T06:45:42.867Z] Time:          Thu Apr 20 2023 13:45:42 GMT+0700 (Indochina Time)
[debug] [2023-04-20T06:45:42.867Z] ----------------------------------------------------------------------
[debug] 
[debug] [2023-04-20T06:45:42.871Z] >>> [apiv2][query] GET https://firebase-public.firebaseio.com/cli.json [none]
[debug] [2023-04-20T06:45:43.027Z] > command requires scopes: ["email","openid","https://www.googleapis.com/auth/cloudplatformprojects.readonly","https://www.googleapis.com/auth/firebase","https://www.googleapis.com/auth/cloud-platform"]
[debug] [2023-04-20T06:45:43.027Z] > authorizing via signed-in user (sonhqh14@gmail.com)
[debug] [2023-04-20T06:45:43.027Z] [iam] checking project my-project-ad64c for permissions ["firebase.projects.get","firebasehosting.sites.update"]
[debug] [2023-04-20T06:45:43.028Z] > refreshing access token with scopes: []
[debug] [2023-04-20T06:45:43.029Z] >>> [apiv2][query] POST https://www.googleapis.com/oauth2/v3/token [none]
[debug] [2023-04-20T06:45:43.029Z] >>> [apiv2][body] POST https://www.googleapis.com/oauth2/v3/token [omitted]
[debug] [2023-04-20T06:45:43.465Z] <<< [apiv2][status] POST https://www.googleapis.com/oauth2/v3/token 200
[debug] [2023-04-20T06:45:43.466Z] <<< [apiv2][body] POST https://www.googleapis.com/oauth2/v3/token [omitted]
[debug] [2023-04-20T06:45:43.488Z] >>> [apiv2][query] POST https://cloudresourcemanager.googleapis.com/v1/projects/my-project-ad64c:testIamPermissions [none]
[debug] [2023-04-20T06:45:43.488Z] >>> [apiv2][(partial)header] POST https://cloudresourcemanager.googleapis.com/v1/projects/my-project-ad64c:testIamPermissions x-goog-quota-user=projects/my-project-ad64c
[debug] [2023-04-20T06:45:43.489Z] >>> [apiv2][body] POST https://cloudresourcemanager.googleapis.com/v1/projects/my-project-ad64c:testIamPermissions {"permissions":["firebase.projects.get","firebasehosting.sites.update"]}
[debug] [2023-04-20T06:45:43.725Z] <<< [apiv2][status] GET https://firebase-public.firebaseio.com/cli.json 200
[debug] [2023-04-20T06:45:43.725Z] <<< [apiv2][body] GET https://firebase-public.firebaseio.com/cli.json {"cloudBuildErrorAfter":1594252800000,"cloudBuildWarnAfter":1590019200000,"defaultNode10After":1594252800000,"minVersion":"3.0.5","node8DeploysDisabledAfter":1613390400000,"node8RuntimeDisabledAfter":1615809600000,"node8WarnAfter":1600128000000}
